
Gurobi 7.5.2 (win64, Python) logging started 12/06/18 21:11:25

Academic license - for non-commercial use only
Optimize a model with 3 rows, 3 columns and 4 nonzeros
Model has 1 general constraint
Variable types: 0 continuous, 3 integer (0 binary)
Coefficient statistics:
  Matrix range     [1e+00, 3e+00]
  Objective range  [1e+00, 5e+04]
  Bounds range     [0e+00, 0e+00]
  RHS range        [1e+00, 2e+00]
Found heuristic solution: objective 1.000040e+14
Presolve removed 3 rows and 3 columns
Presolve time: 0.01s
Presolve: All rows and columns removed

Explored 0 nodes (0 simplex iterations) in 0.27 seconds
Thread count was 1 (of 4 available processors)

Solution count 2: 2 1.00004e+14 

Optimal solution found (tolerance 1.00e-04)
Best objective 2.000000000000e+00, best bound 2.000000000000e+00, gap 0.0000%
Changed value of parameter TimeLimit to 120.0
   Prev: 1e+100  Min: 0.0  Max: 1e+100  Default: 1e+100
Optimize a model with 18 rows, 21 columns and 90 nonzeros
Variable types: 3 continuous, 18 integer (18 binary)
Coefficient statistics:
  Matrix range     [1e+00, 3e+00]
  Objective range  [1e+00, 5e+04]
  Bounds range     [1e+00, 1e+00]
  RHS range        [1e+00, 4e+00]
Found heuristic solution: objective 200000.00000
Presolve removed 6 rows and 7 columns
Presolve time: 0.01s
Presolved: 12 rows, 14 columns, 63 nonzeros
Variable types: 0 continuous, 14 integer (14 binary)

Root relaxation: objective 1.560000e+01, 4 iterations, 0.01 seconds

    Nodes    |    Current Node    |     Objective Bounds      |     Work
 Expl Unexpl |  Obj  Depth IntInf | Incumbent    BestBd   Gap | It/Node Time

*    0     0               0      15.6000000   15.60000  0.00%     -    0s

Explored 0 nodes (4 simplex iterations) in 0.41 seconds
Thread count was 4 (of 4 available processors)

Solution count 2: 15.6 200000 

Optimal solution found (tolerance 1.00e-04)
Best objective 1.560000000000e+01, best bound 1.560000000000e+01, gap 0.0000%
Optimize a model with 6 rows, 6 columns and 8 nonzeros
Model has 2 general constraints
Variable types: 0 continuous, 6 integer (0 binary)
Coefficient statistics:
  Matrix range     [1e+00, 3e+00]
  Objective range  [1e+00, 5e+04]
  Bounds range     [0e+00, 0e+00]
  RHS range        [1e+00, 3e+01]
Found heuristic solution: objective 1.000040e+14
Presolve removed 3 rows and 3 columns
Presolve time: 0.01s
Presolved: 3 rows, 3 columns, 6 nonzeros
Found heuristic solution: objective 1300028.0000
Variable types: 0 continuous, 3 integer (0 binary)

Root relaxation: objective 3.250150e+05, 1 iterations, 0.00 seconds

    Nodes    |    Current Node    |     Objective Bounds      |     Work
 Expl Unexpl |  Obj  Depth IntInf | Incumbent    BestBd   Gap | It/Node Time

     0     0 325015.000    0    3 1300028.00 325015.000  75.0%     -    0s
H    0     0                    350014.00000 325015.000  7.14%     -    0s
     0     0     cutoff    0      350014.000 350014.000  0.00%     -    0s

Explored 1 nodes (1 simplex iterations) in 0.49 seconds
Thread count was 4 (of 4 available processors)

Solution count 3: 350014 1.30003e+06 1.30004e+06 

Optimal solution found (tolerance 1.00e-04)
Best objective 3.500140000000e+05, best bound 3.500140000000e+05, gap 0.0000%
Optimize a model with 23 rows, 23 columns and 40 nonzeros
Model has 3 general constraints
Variable types: 0 continuous, 23 integer (0 binary)
Coefficient statistics:
  Matrix range     [1e+00, 3e+00]
  Objective range  [1e+00, 5e+04]
  Bounds range     [0e+00, 0e+00]
  RHS range        [1e+00, 3e+01]
Found heuristic solution: objective 1.000320e+14
Presolve removed 6 rows and 6 columns
Presolve time: 0.00s
Presolved: 17 rows, 17 columns, 48 nonzeros
Found heuristic solution: objective 450025.00000
Variable types: 0 continuous, 17 integer (0 binary)

Root relaxation: objective 2.145143e+04, 16 iterations, 0.00 seconds

    Nodes    |    Current Node    |     Objective Bounds      |     Work
 Expl Unexpl |  Obj  Depth IntInf | Incumbent    BestBd   Gap | It/Node Time

     0     0 21451.4286    0   17 450025.000 21451.4286  95.2%     -    0s
H    0     0                    250021.00000 21451.4286  91.4%     -    0s
H    0     0                    50024.000000 21451.4286  57.1%     -    0s
     0     0 50020.5000    0    1 50024.0000 50020.5000  0.01%     -    0s
H    0     0                    50021.000000 50020.5000  0.00%     -    0s

Explored 1 nodes (28 simplex iterations) in 0.50 seconds
Thread count was 4 (of 4 available processors)

Solution count 5: 50021 50024 250021 ... 450140

Optimal solution found (tolerance 1.00e-04)
Best objective 5.002100000000e+04, best bound 5.002100000000e+04, gap 0.0000%
Parameter TimeLimit unchanged
   Value: 120.0  Min: 0.0  Max: 1e+100  Default: 1e+100
Optimize a model with 15425 rows, 16513 columns and 125460 nonzeros
Variable types: 31 continuous, 16482 integer (16482 binary)
Coefficient statistics:
  Matrix range     [1e+00, 3e+01]
  Objective range  [3e-01, 5e+04]
  Bounds range     [1e+00, 1e+00]
  RHS range        [1e+00, 3e+01]
Presolve removed 18 rows and 22 columns
Presolve time: 0.22s
Presolved: 15407 rows, 16491 columns, 125370 nonzeros
Variable types: 27 continuous, 16464 integer (16464 binary)

Root relaxation: objective 1.838000e+02, 723 iterations, 0.08 seconds

    Nodes    |    Current Node    |     Objective Bounds      |     Work
 Expl Unexpl |  Obj  Depth IntInf | Incumbent    BestBd   Gap | It/Node Time

     0     0  183.80000    0   28          -  183.80000      -     -    1s
     0     0  183.80000    0   54          -  183.80000      -     -    2s
     0     0  183.80000    0   20          -  183.80000      -     -    2s
     0     0  183.80000    0   50          -  183.80000      -     -    3s
     0     0  183.80000    0   28          -  183.80000      -     -    3s
H    0     0                    450140.80000  183.80000   100%     -    3s
H    0     0                    300156.30000  183.80000   100%     -    6s
     0     0  183.80000    0   12 300156.300  183.80000   100%     -    6s
     0     0  183.80000    0   12 300156.300  183.80000   100%     -    6s
H    0     0                    300155.20000  183.80000   100%     -    7s
     0     0  183.80000    0   28 300155.200  183.80000   100%     -    7s
     0     0  183.80000    0   12 300155.200  183.80000   100%     -    7s
     0     0  183.80000    0   12 300155.200  183.80000   100%     -    8s
     0     0  183.80000    0   16 300155.200  183.80000   100%     -    8s
     0     0  183.80000    0   12 300155.200  183.80000   100%     -    9s
     0     0  183.80000    0   12 300155.200  183.80000   100%     -    9s
     0     0  183.80000    0   12 300155.200  183.80000   100%     -   10s
     0     2  183.80000    0   12 300155.200  183.80000   100%     -   11s
    16    16  191.90000    6   14 300155.200  188.20000   100%  56.2   15s
H   29    28                    150198.70000  188.20000   100%  37.0   20s
H   30    28                     262.7000000  188.20000  28.4%  35.9   20s
H   33    29                     256.1000000  188.20000  26.5%  35.1   21s
    53    45  217.90000   24   30  256.10000  188.20000  26.5%  32.4   25s
   100    67  213.41429   46   76  256.10000  188.20000  26.5%  26.3   30s
   198   105  219.52500   95   48  256.10000  188.20000  26.5%  17.4   35s
   344   142  214.90000   12   71  256.10000  188.20000  26.5%  14.2   40s
H  427   162                     242.2000000  188.20000  22.3%  17.5   43s
   473   183  199.05000   10   65  242.20000  188.20000  22.3%  18.4   45s
   641   294  236.75000   79   51  242.20000  188.20000  22.3%  19.0   50s
*  779   354              39     239.9000000  188.20000  21.6%  17.2   52s
*  824   356               9     238.8000000  190.70000  20.1%  17.2   53s
*  851   315              22     237.2000000  191.20000  19.4%  17.1   54s
   900   343     cutoff   21       237.20000  192.70000  18.8%  17.3   55s
H  965   296                     235.4000000  193.10000  18.0%  17.6   57s
  1075   373  215.10000   15   85  235.40000  195.10000  17.1%  17.7   61s
  1224   476  213.80000   11   12  235.40000  195.28571  17.0%  17.5   72s
  1229   479  227.90000   15   12  235.40000  195.28571  17.0%  17.4   75s
  1241   485  196.90000   13   36  235.40000  195.28571  17.0%  19.9   80s
  1258   481  195.28571   21   41  235.40000  195.28571  17.0%  19.8   86s
  1314   471  195.96667   41   52  235.40000  195.28571  17.0%  19.7   90s
  1364   470  220.80000   57   68  235.40000  195.28571  17.0%  20.0   95s
  1391   468  214.00000   69   13  235.40000  196.90000  16.4%  20.1  100s
  1513   451  220.65000   25   91  235.40000  199.10000  15.4%  20.7  105s
  1639   431  214.93333   26   70  235.40000  203.83333  13.4%  21.6  110s
  1823   366 infeasible   24       235.40000  209.96667  10.8%  22.1  115s
  1983   316  225.96667   34   63  235.40000  214.70000  8.79%  22.4  120s

Cutting planes:
  MIR: 19
  Zero half: 2

Explored 2004 nodes (49523 simplex iterations) in 120.14 seconds
Thread count was 4 (of 4 available processors)

Solution count 10: 235.4 237.2 238.8 ... 300156

Time limit reached
Best objective 2.354000000000e+02, best bound 2.147000000000e+02, gap 8.7935%
Changed value of parameter TimeLimit to 600.0
   Prev: 120.0  Min: 0.0  Max: 1e+100  Default: 1e+100
Optimize a model with 15425 rows, 16513 columns and 125460 nonzeros
Variable types: 31 continuous, 16482 integer (16482 binary)
Coefficient statistics:
  Matrix range     [1e+00, 3e+01]
  Objective range  [3e-01, 5e+04]
  Bounds range     [1e+00, 1e+00]
  RHS range        [1e+00, 3e+01]
Presolved: 15407 rows, 16491 columns, 125370 nonzeros

Continuing optimization...

  2004   320 infeasible   45       235.40000  214.93333  8.69%  22.3  121s
  2175   339  220.85000   35   45  235.40000  215.07143  8.64%  21.3  125s
  2329   384  230.90000   23   54  235.40000  215.35000  8.52%  20.7  130s
  2444   358     cutoff   34       235.40000  215.35000  8.52%  20.5  136s
  2617   381  219.63333   73   59  235.40000  215.35000  8.52%  19.7  140s
  2812   488  230.66667   62   33  235.40000  215.50000  8.45%  18.8  145s
  3148   639  227.35000  188   64  235.40000  215.68333  8.38%  17.6  151s
  3406   675  231.00000   26   46  235.40000  216.80000  7.90%  17.0  155s
  3511   688  223.50000   35   34  235.40000  217.70000  7.52%  16.9  160s
  3785   767  227.40000   57   12  235.40000  218.20833  7.30%  16.4  165s
  4174   860  219.36667   64   35  235.40000  218.65000  7.12%  15.7  172s
  4433   856 infeasible   77       235.40000  219.09167  6.93%  15.6  177s
  4787   890     cutoff   63       235.40000  219.76500  6.64%  15.1  182s
  4898   876  235.10000   37   16  235.40000  220.45714  6.35%  15.0  185s
  5289   928  221.25000   51   40  235.40000  221.00000  6.12%  14.7  193s
  5456   949  223.50000   53    9  235.40000  221.25000  6.01%  14.6  198s
  5619   945     cutoff   52       235.40000  221.79000  5.78%  14.5  201s
  5991  1042  227.85000   51   22  235.40000  222.40000  5.52%  14.1  209s
  6016  1000     cutoff   54       235.40000  222.45000  5.50%  14.1  211s
  6289   974  223.10000   24   42  235.40000  223.10000  5.23%  14.0  215s
  6613   838     cutoff   36       235.40000  223.80000  4.93%  13.8  220s
  6919   684     cutoff   40       235.40000  225.96667  4.01%  13.7  225s
  7111   622  228.50000   28   25  235.40000  226.40000  3.82%  13.7  231s
  7542   446  231.96667   28   46  235.40000  229.20000  2.63%  13.4  235s
  7931   257  232.80000   69   25  235.40000  231.40833  1.70%  13.0  240s
  8309   109     cutoff   31       235.40000  232.53333  1.22%  12.8  245s
  8473    49  233.70000   17    4  235.40000  233.70000  0.72%  12.7  250s

Cutting planes:
  MIR: 19
  Zero half: 2

Explored 8669 nodes (113859 simplex iterations) in 132.89 seconds
Thread count was 4 (of 4 available processors)

Solution count 10: 235.4 237.2 238.8 ... 300156

Optimal solution found (tolerance 1.00e-04)
Best objective 2.354000000000e+02, best bound 2.354000000000e+02, gap 0.0000%
Optimize a model with 23 rows, 23 columns and 40 nonzeros
Model has 3 general constraints
Variable types: 0 continuous, 23 integer (0 binary)
Coefficient statistics:
  Matrix range     [1e+00, 3e+00]
  Objective range  [1e+00, 5e+04]
  Bounds range     [0e+00, 0e+00]
  RHS range        [1e+00, 3e+01]
Presolved: 17 rows, 17 columns, 48 nonzeros

Continuing optimization...


Explored 1 nodes (28 simplex iterations) in 0.26 seconds
Thread count was 4 (of 4 available processors)

Solution count 5: 50021 50024 250021 ... 450140

Optimal solution found (tolerance 1.00e-04)
Best objective 5.002100000000e+04, best bound 5.002100000000e+04, gap 0.0000%
Optimize a model with 40 rows, 40 columns and 72 nonzeros
Model has 4 general constraints
Variable types: 0 continuous, 40 integer (0 binary)
Coefficient statistics:
  Matrix range     [1e+00, 3e+00]
  Objective range  [1e+00, 5e+04]
  Bounds range     [0e+00, 0e+00]
  RHS range        [1e+00, 3e+01]
Found heuristic solution: objective 1.000320e+14
Presolve removed 23 rows and 23 columns
Presolve time: 0.00s
Presolved: 17 rows, 17 columns, 48 nonzeros
Found heuristic solution: objective 450025.00000
Variable types: 0 continuous, 17 integer (0 binary)

Root relaxation: objective 2.145143e+04, 16 iterations, 0.00 seconds

    Nodes    |    Current Node    |     Objective Bounds      |     Work
 Expl Unexpl |  Obj  Depth IntInf | Incumbent    BestBd   Gap | It/Node Time

     0     0 21451.4286    0   17 450025.000 21451.4286  95.2%     -    0s
H    0     0                    250021.00000 21451.4286  91.4%     -    0s
H    0     0                    50024.000000 21451.4286  57.1%     -    0s
     0     0 50020.5000    0    1 50024.0000 50020.5000  0.01%     -    0s
H    0     0                    50021.000000 50020.5000  0.00%     -    0s

Explored 1 nodes (28 simplex iterations) in 0.48 seconds
Thread count was 4 (of 4 available processors)

Solution count 5: 50021 50024 250021 ... 450140

Optimal solution found (tolerance 1.00e-04)
Best objective 5.002100000000e+04, best bound 5.002100000000e+04, gap 0.0000%
Changed value of parameter TimeLimit to 270.0
   Prev: 600.0  Min: 0.0  Max: 1e+100  Default: 1e+100
Optimize a model with 46218 rows, 49497 columns and 359736 nonzeros
Variable types: 87 continuous, 49410 integer (49410 binary)
Coefficient statistics:
  Matrix range     [1e+00, 3e+01]
  Objective range  [3e-01, 5e+04]
  Bounds range     [1e+00, 1e+00]
  RHS range        [1e+00, 3e+01]
Presolve removed 18 rows and 584 columns (presolve time = 34s) ...
Presolve removed 18 rows and 584 columns
Presolve time: 34.27s
Presolved: 46200 rows, 48913 columns, 358526 nonzeros
Variable types: 81 continuous, 48832 integer (48831 binary)

Root simplex log...

Iteration    Objective       Primal Inf.    Dual Inf.      Time
       0    0.0000000e+00   2.512500e+02   0.000000e+00     41s
    1329    1.8380000e+02   0.000000e+00   0.000000e+00     42s

Root relaxation: objective 1.838000e+02, 1329 iterations, 0.72 seconds

    Nodes    |    Current Node    |     Objective Bounds      |     Work
 Expl Unexpl |  Obj  Depth IntInf | Incumbent    BestBd   Gap | It/Node Time

     0     0  183.80000    0   12          -  183.80000      -     -   42s
H    0     0                    300155.20000  183.80000   100%     -   43s
H    0     0                     220.2000000  183.80000  16.5%     -   43s
     0     0  183.80000    0   12  220.20000  183.80000  16.5%     -   44s
     0     0  183.80000    0   12  220.20000  183.80000  16.5%     -   49s
     0     0  183.80000    0   12  220.20000  183.80000  16.5%     -   50s
     0     0  183.80000    0   12  220.20000  183.80000  16.5%     -   50s
     0     0  183.80000    0   12  220.20000  183.80000  16.5%     -   50s
     0     0  183.80000    0   12  220.20000  183.80000  16.5%     -   51s
     0     0  183.80000    0   12  220.20000  183.80000  16.5%     -   51s
     0     0  183.80000    0   12  220.20000  183.80000  16.5%     -   51s
     0     0  183.80000    0   12  220.20000  183.80000  16.5%     -   51s
     0     0  183.80000    0   12  220.20000  183.80000  16.5%     -   52s
     0     0  183.80000    0   12  220.20000  183.80000  16.5%     -   52s
H    0     0                     204.8000000  183.80000  10.3%     -   54s
     0     2  183.80000    0   12  204.80000  183.80000  10.3%     -   55s
*  227    60              27     202.7000000  186.14286  8.17%   7.5   59s
   231    64  186.64286   76   10  202.70000  186.14286  8.17%   7.9   60s
*  316    81              21     202.4000000  188.00000  7.11%   7.5   61s
*  374    73               9     200.5000000  188.07143  6.20%   8.1   64s
*  377    60              10     197.4000000  188.07143  4.73%   8.1   64s
   407    66  189.52143   13    8  197.40000  188.07143  4.73%   8.4   65s
*  566    51              17     195.9000000  189.20000  3.42%   9.1   67s
*  596    47              15     195.2000000  189.34286  3.00%   9.0   67s

Cutting planes:
  Gomory: 1
  MIR: 42

Explored 684 nodes (11157 simplex iterations) in 68.17 seconds
Thread count was 4 (of 4 available processors)

Solution count 9: 195.2 195.9 197.4 ... 300155

Optimal solution found (tolerance 1.00e-04)
Best objective 1.952000000000e+02, best bound 1.952000000000e+02, gap 0.0000%
Optimize a model with 57 rows, 57 columns and 104 nonzeros
Model has 5 general constraints
Variable types: 0 continuous, 57 integer (0 binary)
Coefficient statistics:
  Matrix range     [1e+00, 3e+00]
  Objective range  [1e+00, 5e+04]
  Bounds range     [0e+00, 0e+00]
  RHS range        [1e+00, 3e+01]
Found heuristic solution: objective 1.000320e+14
Presolve removed 40 rows and 40 columns
Presolve time: 0.00s
Presolved: 17 rows, 17 columns, 48 nonzeros
Found heuristic solution: objective 450025.00000
Variable types: 0 continuous, 17 integer (0 binary)

Root relaxation: objective 2.145143e+04, 16 iterations, 0.00 seconds

    Nodes    |    Current Node    |     Objective Bounds      |     Work
 Expl Unexpl |  Obj  Depth IntInf | Incumbent    BestBd   Gap | It/Node Time

     0     0 21451.4286    0   17 450025.000 21451.4286  95.2%     -    0s
H    0     0                    250021.00000 21451.4286  91.4%     -    0s
H    0     0                    50024.000000 21451.4286  57.1%     -    0s
     0     0 50020.5000    0    1 50024.0000 50020.5000  0.01%     -    0s
H    0     0                    50021.000000 50020.5000  0.00%     -    0s

Explored 1 nodes (28 simplex iterations) in 0.51 seconds
Thread count was 4 (of 4 available processors)

Solution count 5: 50021 50024 250021 ... 450140

Optimal solution found (tolerance 1.00e-04)
Best objective 5.002100000000e+04, best bound 5.002100000000e+04, gap 0.0000%
Parameter TimeLimit unchanged
   Value: 270.0  Min: 0.0  Max: 1e+100  Default: 1e+100
Optimize a model with 61625 rows, 65989 columns and 484518 nonzeros
Variable types: 115 continuous, 65874 integer (65874 binary)
Coefficient statistics:
  Matrix range     [1e+00, 3e+01]
  Objective range  [3e-01, 5e+04]
  Bounds range     [1e+00, 1e+00]
  RHS range        [1e+00, 3e+01]
Presolve removed 16937 rows and 18219 columns (presolve time = 31s) ...
Presolve removed 16937 rows and 18219 columns
Presolve time: 31.09s
Presolved: 44688 rows, 47770 columns, 362450 nonzeros
Variable types: 81 continuous, 47689 integer (47688 binary)

Root simplex log...

Iteration    Objective       Primal Inf.    Dual Inf.      Time
       0    0.0000000e+00   2.512500e+02   0.000000e+00     37s
    1696    1.8380000e+02   0.000000e+00   0.000000e+00     38s

Root relaxation: objective 1.838000e+02, 1696 iterations, 0.56 seconds

    Nodes    |    Current Node    |     Objective Bounds      |     Work
 Expl Unexpl |  Obj  Depth IntInf | Incumbent    BestBd   Gap | It/Node Time

     0     0  183.80000    0   12          -  183.80000      -     -   38s
H    0     0                    300155.20000  183.80000   100%     -   39s
     0     0  183.80000    0   12 300155.200  183.80000   100%     -   40s
     0     0  183.80000    0   12 300155.200  183.80000   100%     -   46s
H    0     0                    200174.60000  183.80000   100%     -   47s
     0     0  183.80000    0   26 200174.600  183.80000   100%     -   47s
     0     0  183.80000    0   22 200174.600  183.80000   100%     -   47s
     0     0  183.80000    0   12 200174.600  183.80000   100%     -   47s
     0     0  183.80000    0   12 200174.600  183.80000   100%     -   48s
     0     0  183.80000    0   19 200174.600  183.80000   100%     -   48s
     0     0  183.80000    0   12 200174.600  183.80000   100%     -   48s
     0     0  183.80000    0   12 200174.600  183.80000   100%     -   49s
     0     0  183.80000    0   12 200174.600  183.80000   100%     -   49s
     0     0  183.80000    0   12 200174.600  183.80000   100%     -   49s
     0     2  183.80000    0   12 200174.600  183.80000   100%     -   52s
    28    27  193.20000   11   12 200174.600  183.80000   100%  17.3   55s
*  147   109              66     248.4000000  183.80000  26.0%  12.3   59s
   153   112     cutoff   68       248.40000  183.80000  26.0%  12.1   60s
H  171    89                     221.9000000  183.80000  17.2%  12.1   61s
   311   125  197.56071   32   22  221.90000  186.00000  16.2%  12.4   65s
   561   219  204.17143  108   31  221.90000  186.00000  16.2%  11.5   70s
   712   287  212.74000   16   17  221.90000  187.00000  15.7%  11.2   75s
   987   399  213.91250   83   37  221.90000  187.10000  15.7%  11.7   80s
* 1035   400              41     221.7000000  187.10000  15.6%  11.5   80s
H 1114   400                     218.5000000  188.00000  14.0%  11.8   82s
  1326   474  204.76429   37   17  218.50000  188.00000  14.0%  11.5   86s
  1502   528  213.71786   80   12  218.50000  188.00000  14.0%  11.2  101s
  1522   537  197.60000   18   17  218.50000  188.00000  14.0%  12.4  105s
H 1536   512                     218.0000000  188.00000  13.8%  12.4  108s
  1566   510  194.70000   29   17  218.00000  188.00000  13.8%  12.6  110s
  1723   524  188.00000   29   17  218.00000  188.00000  13.8%  12.9  115s
  1920   500  189.77857   40   29  218.00000  188.87857  13.4%  13.0  120s
  2089   483  201.70000   39   21  218.00000  191.05000  12.4%  13.1  125s
  2339   460  198.30000   52   28  218.00000  192.20000  11.8%  12.6  131s
  2470   450  199.49286   66   35  218.00000  192.57857  11.7%  12.7  135s
  2754   413  207.90000   39   12  218.00000  193.20000  11.4%  12.0  140s
  3078   348  199.15000   45   38  218.00000  196.90000  9.68%  12.1  145s
  3325   411  214.85000   43   26  218.00000  196.90000  9.68%  12.1  151s
  3487   413  198.39286   36   26  218.00000  196.90000  9.68%  12.0  155s
  3871   503 infeasible   55       218.00000  196.90000  9.68%  11.9  161s
  4135   519  198.05000   44   22  218.00000  196.90000  9.68%  11.9  165s
  4382   543  203.50000   45   18  218.00000  197.60000  9.36%  11.8  170s
  4696   581     cutoff   49       218.00000  198.05000  9.15%  11.6  178s
  4813   593  203.20714   50   19  218.00000  198.40714  8.99%  11.9  183s
  4881   597  203.76429   51   18  218.00000  198.40714  8.99%  11.9  188s
  4921   592  203.95000   52   16  218.00000  198.40714  8.99%  12.0  193s
  4962   592  204.22857   53   23  218.00000  198.40714  8.99%  12.1  198s
  5020   566  204.29048   54   26  218.00000  198.65714  8.87%  12.0  200s
  5351   585  199.10000   39   23  218.00000  198.75714  8.83%  11.7  206s
  5726   606  200.96429   70   24  218.00000  200.40000  8.07%  11.7  212s
  5944   656     cutoff   58       218.00000  200.92222  7.83%  11.6  216s
  6072   658  201.60000   33   13  218.00000  201.20952  7.70%  11.6  220s
  6490   684  214.02143   59   31  218.00000  201.90000  7.39%  11.8  228s
  6766   679 infeasible   38       218.00000  202.62857  7.05%  11.7  231s
  6974   676     cutoff   42       218.00000  203.00714  6.88%  11.7  235s
  7285   657  205.00000   75   18  218.00000  204.63571  6.13%  11.7  240s
  7654   600  206.35000   41    6  218.00000  205.10000  5.92%  11.7  245s
  7968   556  207.11429   59   16  218.00000  207.11429  4.99%  11.7  252s
  8120   559  208.00238   67   27  218.00000  207.58036  4.78%  11.6  257s
  8256   528  210.24286   47   20  218.00000  207.92857  4.62%  11.7  260s
  8634   489  213.29286   43   23  218.00000  209.59286  3.86%  11.6  265s
  9017   419  211.99286   53   20  218.00000  211.60000  2.94%  11.4  270s

Cutting planes:
  MIR: 1

Explored 9042 nodes (110296 simplex iterations) in 270.19 seconds
Thread count was 4 (of 4 available processors)

Solution count 7: 218 218.5 221.7 ... 300155

Time limit reached
Best objective 2.180000000000e+02, best bound 2.116000000000e+02, gap 2.9358%

Gurobi 7.5.2 (win64, Python) logging started 12/07/18 00:48:30

Academic license - for non-commercial use only
Optimize a model with 17 rows, 17 columns and 32 nonzeros
Model has 1 general constraint
Variable types: 0 continuous, 17 integer (0 binary)
Coefficient statistics:
  Matrix range     [1e+00, 2e+00]
  Objective range  [1e+00, 5e+04]
  Bounds range     [0e+00, 0e+00]
  RHS range        [1e+00, 3e+01]
Found heuristic solution: objective 1.000320e+14
Presolve time: 0.00s
Presolved: 17 rows, 17 columns, 48 nonzeros
Found heuristic solution: objective 450025.00000
Variable types: 0 continuous, 17 integer (0 binary)

Root relaxation: objective 2.145143e+04, 16 iterations, 0.00 seconds

    Nodes    |    Current Node    |     Objective Bounds      |     Work
 Expl Unexpl |  Obj  Depth IntInf | Incumbent    BestBd   Gap | It/Node Time

     0     0 21451.4286    0   17 450025.000 21451.4286  95.2%     -    0s
H    0     0                    250021.00000 21451.4286  91.4%     -    0s
H    0     0                    50024.000000 21451.4286  57.1%     -    0s
     0     0 50020.5000    0    1 50024.0000 50020.5000  0.01%     -    0s
H    0     0                    50021.000000 50020.5000  0.00%     -    0s

Explored 1 nodes (28 simplex iterations) in 0.45 seconds
Thread count was 4 (of 4 available processors)

Solution count 5: 50021 50024 250021 ... 450140

Optimal solution found (tolerance 1.00e-04)
Best objective 5.002100000000e+04, best bound 5.002100000000e+04, gap 0.0000%
Changed value of parameter TimeLimit to 270.0
   Prev: 1e+100  Min: 0.0  Max: 1e+100  Default: 1e+100
Optimize a model with 15407 rows, 16492 columns and 124782 nonzeros
Variable types: 28 continuous, 16464 integer (16464 binary)
Coefficient statistics:
  Matrix range     [1e+00, 3e+01]
  Objective range  [3e-01, 5e+04]
  Bounds range     [1e+00, 1e+00]
  RHS range        [1e+00, 3e+01]
Found heuristic solution: objective 2400000.0000
Presolve removed 1533 rows and 1704 columns
Presolve time: 1.70s
Presolved: 13874 rows, 14788 columns, 111710 nonzeros
Variable types: 27 continuous, 14761 integer (14760 binary)

Root relaxation: objective 1.838000e+02, 768 iterations, 0.11 seconds

    Nodes    |    Current Node    |     Objective Bounds      |     Work
 Expl Unexpl |  Obj  Depth IntInf | Incumbent    BestBd   Gap | It/Node Time

     0     0  183.80000    0   12 2400000.00  183.80000   100%     -    4s
H    0     0                    200199.80000  183.80000   100%     -    4s
H    0     0                    50200.300000  183.80000   100%     -    5s
     0     0  183.80000    0   20 50200.3000  183.80000   100%     -    5s
     0     0  183.80000    0   22 50200.3000  183.80000   100%     -    6s
     0     0  183.80000    0   12 50200.3000  183.80000   100%     -    6s
     0     0  183.80000    0   14 50200.3000  183.80000   100%     -    7s
     0     0  183.80000    0   14 50200.3000  183.80000   100%     -    7s
     0     0  183.80000    0   12 50200.3000  183.80000   100%     -    7s
     0     0  183.80000    0   16 50200.3000  183.80000   100%     -    7s
     0     0  183.80000    0   12 50200.3000  183.80000   100%     -    8s
     0     0  183.80000    0   12 50200.3000  183.80000   100%     -    8s
     0     2  183.80000    0   12 50200.3000  183.80000   100%     -   10s
    52    36  203.22500   19   16 50200.3000  183.80000   100%  17.0   15s
H   94    51                     231.7000000  183.80000  20.7%  15.5   17s
*   95    40              33     224.5000000  183.80000  18.1%  15.6   17s
   138    65  190.70000   16   14  224.50000  183.80000  18.1%  15.7   20s
   244   119  198.66607   64   23  224.50000  183.80000  18.1%  13.7   25s
   291   138  203.45000   92   22  224.50000  183.80000  18.1%  14.0   30s
   364   174  211.40000  130   23  224.50000  183.80000  18.1%  13.6   35s
*  400   189              33     224.1000000  183.80000  18.0%  13.5   36s
H  419   192                     218.0000000  183.80000  15.7%  13.6   37s
   473   220  199.74000   46   28  218.00000  183.80000  15.7%  13.7   42s
   562   267  216.60000   86    6  218.00000  184.45000  15.4%  13.5   45s
   700   323  203.99286   14   13  218.00000  186.00000  14.7%  13.5   50s
   953   409  191.48571  113   17  218.00000  186.00000  14.7%  11.3   56s
  1175   519  205.89643   11   16  218.00000  186.00000  14.7%  10.6   60s
  1392   618  197.10000   33   20  218.00000  186.00000  14.7%  10.3   66s
  1474   634  186.14286   14   12  218.00000  186.00000  14.7%   9.9   86s
  1484   642  205.50000   14   12  218.00000  186.00000  14.7%  10.9   90s
  1531   646  187.95714   24   27  218.00000  187.80000  13.9%  11.2   95s
  1661   628  201.69286   43   27  218.00000  187.95714  13.8%  11.1  100s
  1840   593  212.63571   35   15  218.00000  190.80714  12.5%  11.4  105s
  2037   550  201.67857   30   27  218.00000  197.20000  9.54%  11.7  111s
  2169   508 infeasible   37       218.00000  200.48571  8.03%  12.2  115s
  2365   442  203.40000   33   15  218.00000  202.03429  7.32%  12.7  120s
  2516   415  204.51429   43   22  218.00000  203.90000  6.47%  12.5  125s
  2799   321  205.50000   16   10  218.00000  205.50000  5.73%  12.2  130s
  3098   181  209.50000   26   19  218.00000  209.00000  4.13%  12.2  135s
  3334    64  210.56429   44   19  218.00000  210.56429  3.41%  12.1  140s
  3632     0  214.30000   20   21  218.00000  214.30000  1.70%  11.9  146s

Cutting planes:
  MIR: 2

Explored 3800 nodes (46986 simplex iterations) in 149.66 seconds
Thread count was 4 (of 4 available processors)

Solution count 7: 218 224.1 224.5 ... 2.4e+06

Optimal solution found (tolerance 1.00e-04)
Best objective 2.180000000000e+02, best bound 2.180000000000e+02, gap 0.0000%
Changed value of parameter TimeLimit to 60.0
   Prev: 270.0  Min: 0.0  Max: 1e+100  Default: 1e+100
Optimize a model with 30814 rows, 16492 columns and 250152 nonzeros
Variable types: 28 continuous, 16464 integer (16464 binary)
Coefficient statistics:
  Matrix range     [1e+00, 3e+01]
  Objective range  [3e-01, 5e+04]
  Bounds range     [1e+00, 1e+00]
  RHS range        [1e+00, 3e+01]

MIP start did not produce a new incumbent solution
MIP start violates constraint R30798 by 1.000000000

Presolve removed 15446 rows and 1744 columns (presolve time = 6s) ...
Presolve removed 16979 rows and 1744 columns
Presolve time: 6.51s
Presolved: 13835 rows, 14748 columns, 125727 nonzeros
Variable types: 27 continuous, 14721 integer (14721 binary)

Root simplex log...

Iteration    Objective       Primal Inf.    Dual Inf.      Time
       0    0.0000000e+00   9.600000e+01   0.000000e+00      8s
     852    1.8380000e+02   0.000000e+00   0.000000e+00      9s

Root relaxation: objective 1.838000e+02, 852 iterations, 0.28 seconds

    Nodes    |    Current Node    |     Objective Bounds      |     Work
 Expl Unexpl |  Obj  Depth IntInf | Incumbent    BestBd   Gap | It/Node Time

     0     0  183.80000    0   32          -  183.80000      -     -    9s
H    0     0                    950125.80000  183.80000   100%     -    9s
H    0     0                    300163.90000  183.80000   100%     -   11s
     0     0  183.80000    0   45 300163.900  183.80000   100%     -   11s
     0     0  183.80000    0   16 300163.900  183.80000   100%     -   12s
     0     0  183.80000    0   26 300163.900  183.80000   100%     -   12s
     0     0  183.80000    0   12 300163.900  183.80000   100%     -   13s
H    0     0                    300155.20000  183.80000   100%     -   13s
     0     0  183.80000    0   12 300155.200  183.80000   100%     -   13s
     0     0  183.80000    0   12 300155.200  183.80000   100%     -   14s
     0     0  183.80000    0   24 300155.200  183.80000   100%     -   14s
     0     0  183.80000    0   32 300155.200  183.80000   100%     -   15s
     0     0  183.80000    0   12 300155.200  183.80000   100%     -   15s
     0     0  183.80000    0   46 300155.200  183.80000   100%     -   15s
     0     0  183.80000    0   20 300155.200  183.80000   100%     -   16s
     0     0  183.80000    0   20 300155.200  183.80000   100%     -   16s
     0     2  183.80000    0   20 300155.200  183.80000   100%     -   18s
    11    13  188.20000    4   24 300155.200  187.60000   100%  47.3   20s
H   28    27                    200181.50000  187.60000   100%  29.4   25s
H   29    27                    100209.30000  187.60000   100%  28.9   25s
    57    47  195.40000   21   30 100209.300  187.60000   100%  20.3   30s
H   58    46                     239.4000000  187.60000  21.6%  19.9   30s
   132    69  211.30000   46   46  239.40000  187.60000  21.6%  16.9   35s
*  260    98              21     239.2000000  187.60000  21.6%  14.2   39s
   272    99  193.00000    6   14  239.20000  187.60000  21.6%  14.1   40s
   351   121  200.85000   34   56  239.20000  188.20000  21.3%  15.7   45s
   530   215  207.41667   43   34  239.20000  188.20000  21.3%  16.5   51s
   664   329  220.63333  114   40  239.20000  188.20000  21.3%  14.3   55s

Cutting planes:
  Gomory: 6
  MIR: 32
  Zero half: 6

Explored 727 nodes (14543 simplex iterations) in 87.04 seconds
Thread count was 4 (of 4 available processors)

Solution count 7: 239.2 239.4 100209 ... 950126

Time limit reached
Best objective 2.392000000000e+02, best bound 1.882000000000e+02, gap 21.3211%
Parameter TimeLimit unchanged
   Value: 60.0  Min: 0.0  Max: 1e+100  Default: 1e+100
Optimize a model with 46221 rows, 32984 columns and 374934 nonzeros
Variable types: 56 continuous, 32928 integer (32928 binary)
Coefficient statistics:
  Matrix range     [1e+00, 3e+01]
  Objective range  [3e-01, 5e+04]
  Bounds range     [1e+00, 1e+00]
  RHS range        [1e+00, 3e+01]
Found heuristic solution: objective 2400000.0000
Presolve removed 15506 rows and 3508 columns (presolve time = 10s) ...
Presolve removed 18572 rows and 3508 columns (presolve time = 10s) ...
Presolve removed 18572 rows and 3508 columns (presolve time = 36s) ...
Presolve removed 18572 rows and 3508 columns
Presolve time: 35.60s
Presolved: 27649 rows, 29476 columns, 236957 nonzeros
Variable types: 54 continuous, 29422 integer (29421 binary)

Root simplex log...

Iteration    Objective       Primal Inf.    Dual Inf.      Time
       0    0.0000000e+00   1.552500e+02   0.000000e+00     39s
    1074    1.8380000e+02   0.000000e+00   0.000000e+00     39s

Root relaxation: objective 1.838000e+02, 1074 iterations, 0.31 seconds

    Nodes    |    Current Node    |     Objective Bounds      |     Work
 Expl Unexpl |  Obj  Depth IntInf | Incumbent    BestBd   Gap | It/Node Time

     0     0  183.80000    0   12 2400000.00  183.80000   100%     -   39s
H    0     0                    300155.20000  183.80000   100%     -   39s
     0     0  183.80000    0   12 300155.200  183.80000   100%     -   40s
     0     0  183.80000    0   12 300155.200  183.80000   100%     -   44s
     0     0  183.80000    0   14 300155.200  183.80000   100%     -   44s
     0     0  183.80000    0   22 300155.200  183.80000   100%     -   44s
     0     0  183.80000    0   12 300155.200  183.80000   100%     -   45s
     0     0  183.80000    0   14 300155.200  183.80000   100%     -   45s
     0     0  183.80000    0   14 300155.200  183.80000   100%     -   50s
     0     0  183.80000    0   12 300155.200  183.80000   100%     -   50s
H    0     0                    250166.30000  183.80000   100%     -   52s
     0     0  183.80000    0   12 250166.300  183.80000   100%     -   52s
     0     0  183.80000    0   12 250166.300  183.80000   100%     -   53s
     0     2  183.80000    0   12 250166.300  183.80000   100%     -   55s

Cutting planes:
  Cover: 1
  Clique: 1
  MIR: 13
  Zero half: 2

Explored 29 nodes (5678 simplex iterations) in 60.13 seconds
Thread count was 4 (of 4 available processors)

Solution count 3: 250166 300155 2.4e+06 

Time limit reached
Best objective 2.501663000000e+05, best bound 1.838000000000e+02, gap 99.9265%
Changed value of parameter TimeLimit to 120.0
   Prev: 60.0  Min: 0.0  Max: 1e+100  Default: 1e+100
Optimize a model with 46221 rows, 32984 columns and 374934 nonzeros
Variable types: 56 continuous, 32928 integer (32928 binary)
Coefficient statistics:
  Matrix range     [1e+00, 3e+01]
  Objective range  [3e-01, 5e+04]
  Bounds range     [1e+00, 1e+00]
  RHS range        [1e+00, 3e+01]
Presolved: 27649 rows, 29476 columns, 236957 nonzeros

Continuing optimization...

H   29    26                    100200.10000  183.80000   100%  59.1   60s
    29    26  203.61429   11   26 100200.100  183.80000   100%  59.1   60s
H   57    46                    50208.400000  183.80000   100%  37.4   62s
H   59    47                     227.4000000  183.80000  19.2%  36.2   62s
H   91    59                     224.2000000  183.80000  18.0%  28.3   64s
   104    71  186.00000    5   10  224.20000  183.80000  18.0%  29.6   65s
   250   126  194.53571   32   22  224.20000  183.80000  18.0%  16.5   70s
   455   198  188.00000   10   12  224.20000  186.00000  17.0%  15.7   75s
*  526   200              48     218.3000000  186.00000  14.8%  14.9   76s
   734   308  205.33333   93   10  218.30000  186.00000  14.8%  13.4   80s
  1030   408  200.32143   52   21  218.30000  187.90714  13.9%  12.1   86s
  1194   453  189.00000    7    6  218.30000  188.00000  13.9%  12.0   91s
  1342   517  206.49286   16   25  218.30000  188.00000  13.9%  11.8   96s
  1484   568  194.59286   20   12  218.30000  188.00000  13.9%  11.9  112s
  1490   574  188.00000   14   16  218.30000  188.00000  13.9%  12.7  115s
  1533   583  188.00000   25   23  218.30000  188.00000  13.9%  12.8  120s
  1671   563  188.11429   25   16  218.30000  188.00000  13.9%  12.6  125s
  1868   538  189.33571   45   31  218.30000  188.00000  13.9%  12.2  130s
  2017   510  189.00000   27   28  218.30000  188.00000  13.9%  12.2  135s
* 2050   478              35     218.0000000  188.00000  13.8%  12.2  135s
  2171   472  190.47500   35   25  218.00000  189.00000  13.3%  12.5  140s
  2274   473  192.03929   62   36  218.00000  189.00000  13.3%  12.6  145s
  2456   463  193.20000   30   14  218.00000  189.77857  12.9%  13.1  150s
  2626   469 infeasible   38       218.00000  190.00000  12.8%  13.1  157s
  2797   460  190.00000   33   12  218.00000  190.00000  12.8%  13.3  161s
  3041   427  198.47500   40   16  218.00000  190.00000  12.8%  13.3  165s
  3148   428  193.20000   54   32  218.00000  190.00000  12.8%  13.3  170s
  3267   454  209.30000   50   14  218.00000  190.00000  12.8%  13.2  175s
  3429   493  199.22143   52   22  218.00000  190.00000  12.8%  13.2  180s

Cutting planes:
  Learned: 1
  MIR: 1

Explored 3466 nodes (49708 simplex iterations) in 120.16 seconds
Thread count was 4 (of 4 available processors)

Solution count 9: 218 218.3 224.2 ... 2.4e+06

Time limit reached
Best objective 2.180000000000e+02, best bound 1.900000000000e+02, gap 12.8440%
Changed value of parameter TimeLimit to 180.0
   Prev: 120.0  Min: 0.0  Max: 1e+100  Default: 1e+100
Optimize a model with 46221 rows, 32984 columns and 374934 nonzeros
Variable types: 56 continuous, 32928 integer (32928 binary)
Coefficient statistics:
  Matrix range     [1e+00, 3e+01]
  Objective range  [3e-01, 5e+04]
  Bounds range     [1e+00, 1e+00]
  RHS range        [1e+00, 3e+01]
Presolved: 27649 rows, 29476 columns, 236957 nonzeros

Continuing optimization...

  3466   504  212.59762   51   22  218.00000  190.00000  12.8%  13.2  182s
  3655   536  198.30536   85   12  218.00000  190.00000  12.8%  13.3  185s
  3965   615  217.70000   55    8  218.00000  190.00000  12.8%  13.3  190s
  4213   652  205.75714   64   15  218.00000  190.00000  12.8%  13.6  195s
  4403   669  198.08036   63   20  218.00000  190.57857  12.6%  13.6  202s
  4520   721  210.67500   59   22  218.00000  191.02857  12.4%  13.5  206s
  4659   740  207.36429   57   22  218.00000  191.06429  12.4%  13.4  211s
  4836   773  216.70000   34   17  218.00000  191.20000  12.3%  13.3  217s
  4977   819  191.20000   27    8  218.00000  191.20000  12.3%  13.2  222s
  5256   879  202.37857   56   23  218.00000  192.30000  11.8%  13.2  228s
  5432   926 infeasible   44       218.00000  192.90000  11.5%  13.2  231s
  5613   941  204.15714   47   31  218.00000  193.20000  11.4%  13.3  235s
  5792   964  195.92500   29   13  218.00000  193.20000  11.4%  13.3  240s
  5945   990  205.68036   57   16  218.00000  194.48214  10.8%  13.2  246s
  6193  1058  200.10714   31   27  218.00000  194.78929  10.6%  13.1  250s
  6509  1081  198.80000   30   12  218.00000  195.84286  10.2%  13.1  258s
  6741  1120  202.35714   43   18  218.00000  196.34286  9.93%  13.1  262s
  6954  1156  199.54464   64   16  218.00000  196.80000  9.72%  13.1  266s
  7188  1191 infeasible   57       218.00000  197.20000  9.54%  13.1  271s
  7344  1197  205.10000   41   14  218.00000  197.40000  9.45%  13.2  281s
  7582  1242  198.25714   39   27  218.00000  197.78571  9.27%  13.1  285s
  7892  1303     cutoff   64       218.00000  197.78571  9.27%  13.0  290s
  8394  1395  206.25893   32   16  218.00000  198.20000  9.08%  12.9  300s
  8792  1498 infeasible   34       218.00000  198.49286  8.95%  12.7  308s
  8996  1520  206.74821   44   22  218.00000  198.80000  8.81%  12.7  310s
  9387  1509  199.83571   37   20  218.00000  199.10000  8.67%  12.6  318s
  9576  1510  200.19286   40   14  218.00000  199.52000  8.48%  12.6  321s
  9929  1532  199.80714   58   21  218.00000  199.80714  8.35%  12.6  329s
 10072  1528  201.56071   65   18  218.00000  200.06071  8.23%  12.5  333s
 10302  1582  201.52857   44   27  218.00000  200.10000  8.21%  12.5  339s
 10484  1570 infeasible   50       218.00000  200.60000  7.98%  12.5  344s
 10661  1595  200.95000   53   10  218.00000  200.95000  7.82%  12.6  349s
 10879  1615  215.50000   55   14  218.00000  201.02500  7.79%  12.6  354s
 11033  1592  202.47500   52   27  218.00000  201.53571  7.55%  12.7  357s
 11192  1583  203.11429   40   20  218.00000  201.60000  7.52%  12.7  360s

Cutting planes:
  Learned: 1
  MIR: 1

Explored 11356 nodes (148320 simplex iterations) in 180.15 seconds
Thread count was 4 (of 4 available processors)

Solution count 9: 218 218.3 224.2 ... 2.4e+06

Time limit reached
Best objective 2.180000000000e+02, best bound 2.019000000000e+02, gap 7.3853%

Gurobi 7.5.2 (win64, Python) logging started 12/08/18 07:09:43

Academic license - for non-commercial use only
Optimize a model with 17 rows, 17 columns and 32 nonzeros
Model has 1 general constraint
Variable types: 0 continuous, 17 integer (0 binary)
Coefficient statistics:
  Matrix range     [1e+00, 2e+00]
  Objective range  [1e+00, 5e+04]
  Bounds range     [0e+00, 0e+00]
  RHS range        [1e+00, 3e+01]
Found heuristic solution: objective 1.000320e+14
Presolve time: 0.01s
Presolved: 17 rows, 17 columns, 48 nonzeros
Found heuristic solution: objective 300022.00000
Variable types: 0 continuous, 17 integer (0 binary)

Root relaxation: objective 1.430629e+04, 16 iterations, 0.00 seconds

    Nodes    |    Current Node    |     Objective Bounds      |     Work
 Expl Unexpl |  Obj  Depth IntInf | Incumbent    BestBd   Gap | It/Node Time

     0     0 14306.2857    0   17 300022.000 14306.2857  95.2%     -    0s
H    0     0                    150019.00000 14306.2857  90.5%     -    0s
H    0     0                    50021.000000 14306.2857  71.4%     -    0s
*    0     0               0    50019.000000 50019.0000  0.00%     -    0s

Explored 1 nodes (29 simplex iterations) in 0.48 seconds
Thread count was 4 (of 4 available processors)

Solution count 5: 50019 50021 150019 ... 300097

Optimal solution found (tolerance 1.00e-04)
Best objective 5.001900000000e+04, best bound 5.001900000000e+04, gap 0.0000%
Changed value of parameter TimeLimit to 120.0
   Prev: 1e+100  Min: 0.0  Max: 1e+100  Default: 1e+100
Optimize a model with 11965 rows, 12870 columns and 97432 nonzeros
Variable types: 26 continuous, 12844 integer (12844 binary)
Coefficient statistics:
  Matrix range     [1e+00, 3e+01]
  Objective range  [4e-01, 5e+04]
  Bounds range     [1e+00, 1e+00]
  RHS range        [1e+00, 3e+01]
Presolve removed 0 rows and 1 columns
Presolve time: 0.17s
Presolved: 11965 rows, 12869 columns, 97432 nonzeros
Variable types: 25 continuous, 12844 integer (12844 binary)

Root relaxation: objective 1.928000e+02, 724 iterations, 0.10 seconds

    Nodes    |    Current Node    |     Objective Bounds      |     Work
 Expl Unexpl |  Obj  Depth IntInf | Incumbent    BestBd   Gap | It/Node Time

     0     0  192.80000    0   20          -  192.80000      -     -    1s
     0     0  192.80000    0   48          -  192.80000      -     -    2s
     0     0  193.80000    0   16          -  193.80000      -     -    2s
H    0     0                    300163.40000  193.80000   100%     -    2s
H    0     0                    200190.90000  193.80000   100%     -    3s
     0     0  193.80000    0   32 200190.900  193.80000   100%     -    3s
     0     0  193.80000    0   72 200190.900  193.80000   100%     -    3s
     0     0  193.80000    0   74 200190.900  193.80000   100%     -    3s
     0     0  197.45000    0   28 200190.900  197.45000   100%     -    4s
     0     0  197.45000    0   44 200190.900  197.45000   100%     -    4s
     0     0  197.95000    0   81 200190.900  197.95000   100%     -    5s
     0     0  207.61250    0   75 200190.900  207.61250   100%     -    5s
     0     0  208.18571    0   71 200190.900  208.18571   100%     -    5s
     0     0  208.18571    0   81 200190.900  208.18571   100%     -    5s
     0     0  214.25217    0   75 200190.900  214.25217   100%     -    5s
     0     0  214.25217    0   81 200190.900  214.25217   100%     -    6s
     0     0  215.86250    0  101 200190.900  215.86250   100%     -    6s
     0     0  215.86250    0   96 200190.900  215.86250   100%     -    6s
     0     0  215.87500    0   86 200190.900  215.87500   100%     -    7s
     0     0  216.08382    0  106 200190.900  216.08382   100%     -    7s
     0     0  222.80000    0   89 200190.900  222.80000   100%     -    7s
H    0     0                     247.3000000  222.80000  9.91%     -    8s
     0     0  223.40000    0   85  247.30000  223.40000  9.66%     -    8s
     0     0  223.41250    0   75  247.30000  223.41250  9.66%     -    8s
     0     0  224.45209    0   74  247.30000  224.45209  9.24%     -    9s
     0     0  224.45209    0   16  247.30000  224.45209  9.24%     -   10s
     0     0  224.45209    0   68  247.30000  224.45209  9.24%     -   11s
     0     0  224.45209    0   76  247.30000  224.45209  9.24%     -   11s
     0     0  224.45209    0   68  247.30000  224.45209  9.24%     -   11s
     0     0  224.45209    0   91  247.30000  224.45209  9.24%     -   11s
     0     0  224.45209    0   90  247.30000  224.45209  9.24%     -   11s
     0     0  224.45209    0   94  247.30000  224.45209  9.24%     -   11s
     0     0  228.91944    0  103  247.30000  228.91944  7.43%     -   11s
     0     0  229.78056    0   98  247.30000  229.78056  7.08%     -   12s
     0     0  229.78056    0   98  247.30000  229.78056  7.08%     -   12s
     0     0  232.80036    0  111  247.30000  232.80036  5.86%     -   12s
     0     0  233.19375    0   94  247.30000  233.19375  5.70%     -   12s
     0     0  233.19375    0   94  247.30000  233.19375  5.70%     -   12s
     0     0  233.78900    0   86  247.30000  233.78900  5.46%     -   13s
     0     0  233.78900    0   20  247.30000  233.78900  5.46%     -   14s
     0     0  233.78900    0   30  247.30000  233.78900  5.46%     -   14s
     0     0  233.78900    0   67  247.30000  233.78900  5.46%     -   15s
     0     0  233.78900    0   71  247.30000  233.78900  5.46%     -   15s
     0     0  233.78900    0   83  247.30000  233.78900  5.46%     -   15s
     0     0  236.56845    0  101  247.30000  236.56845  4.34%     -   15s
     0     0  236.71698    0  104  247.30000  236.71698  4.28%     -   15s
     0     0  236.71698    0  104  247.30000  236.71698  4.28%     -   15s
     0     0  238.81000    0   52  247.30000  238.81000  3.43%     -   16s
     0     0  238.81000    0   24  247.30000  238.81000  3.43%     -   17s
     0     0  238.81000    0   52  247.30000  238.81000  3.43%     -   17s
     0     0  238.81000    0   63  247.30000  238.81000  3.43%     -   17s
     0     0  238.81000    0   76  247.30000  238.81000  3.43%     -   17s
     0     0  238.81000    0   87  247.30000  238.81000  3.43%     -   17s
     0     0  238.81000    0   79  247.30000  238.81000  3.43%     -   18s
     0     0  238.81000    0   74  247.30000  238.81000  3.43%     -   18s
     0     0  238.81000    0   78  247.30000  238.81000  3.43%     -   18s
     0     0  239.62576    0   72  247.30000  239.62576  3.10%     -   18s
     0     0  239.62576    0   12  247.30000  239.62576  3.10%     -   19s
     0     0  239.62576    0   31  247.30000  239.62576  3.10%     -   19s
     0     0  239.62576    0   64  247.30000  239.62576  3.10%     -   19s
     0     0  239.62576    0   87  247.30000  239.62576  3.10%     -   19s
     0     0  239.62576    0   89  247.30000  239.62576  3.10%     -   19s
     0     0  239.62576    0  103  247.30000  239.62576  3.10%     -   19s
     0     0  239.62576    0   76  247.30000  239.62576  3.10%     -   19s
     0     0  239.62576    0   77  247.30000  239.62576  3.10%     -   19s
     0     0  240.39167    0  105  247.30000  240.39167  2.79%     -   19s
     0     0  240.39167    0  114  247.30000  240.39167  2.79%     -   19s
     0     0  241.03025    0   95  247.30000  241.03025  2.54%     -   20s
     0     0  241.03025    0   20  247.30000  241.03025  2.54%     -   20s
     0     0  241.03025    0   53  247.30000  241.03025  2.54%     -   20s
     0     0  241.03025    0   57  247.30000  241.03025  2.54%     -   20s
     0     0  241.03025    0   80  247.30000  241.03025  2.54%     -   20s
     0     0  241.03025    0   94  247.30000  241.03025  2.54%     -   20s
     0     0  241.03025    0  110  247.30000  241.03025  2.54%     -   20s
     0     0  241.03025    0   90  247.30000  241.03025  2.54%     -   20s
     0     0  241.10833    0   81  247.30000  241.10833  2.50%     -   20s
     0     0  241.10833    0   81  247.30000  241.10833  2.50%     -   21s
     0     0  243.01678    0  101  247.30000  243.01678  1.73%     -   21s
     0     0  243.13000    0   76  247.30000  243.13000  1.69%     -   21s
     0     0  243.39211    0   94  247.30000  243.39211  1.58%     -   21s
     0     0  243.39500    0   87  247.30000  243.39500  1.58%     -   21s
     0     0  246.12976    0   80  247.30000  246.12976  0.47%     -   21s
     0     0  246.12976    0   22  247.30000  246.12976  0.47%     -   21s
     0     0  246.12976    0   39  247.30000  246.12976  0.47%     -   21s
     0     0  246.12976    0   44  247.30000  246.12976  0.47%     -   21s
     0     0  246.12976    0   76  247.30000  246.12976  0.47%     -   21s
     0     0  246.12976    0   78  247.30000  246.12976  0.47%     -   21s
     0     0  246.12976    0   87  247.30000  246.12976  0.47%     -   21s
     0     0  246.12976    0  100  247.30000  246.12976  0.47%     -   21s
     0     0  246.12976    0   91  247.30000  246.12976  0.47%     -   21s
     0     0  246.29041    0  115  247.30000  246.29041  0.41%     -   21s
     0     0  247.00000    0   62  247.30000  247.00000  0.12%     -   22s
     0     0     cutoff    0       247.30000  247.30000  0.00%     -   22s

Cutting planes:
  Gomory: 4
  Cover: 2
  Clique: 4
  MIR: 32
  Zero half: 42

Explored 1 nodes (15163 simplex iterations) in 22.21 seconds
Thread count was 4 (of 4 available processors)

Solution count 3: 247.3 200191 300163 

Optimal solution found (tolerance 1.00e-04)
Best objective 2.473000000000e+02, best bound 2.473000000000e+02, gap 0.0000%

Gurobi 7.5.2 (win64, Python) logging started 03/18/19 11:08:37

Academic license - for non-commercial use only
Optimize a model with 5 rows, 5 columns and 8 nonzeros
Model has 1 general constraint
Variable types: 0 continuous, 5 integer (0 binary)
Coefficient statistics:
  Matrix range     [1e+00, 3e+00]
  Objective range  [1e+00, 5e+04]
  Bounds range     [0e+00, 0e+00]
  RHS range        [1e+00, 1e+01]
Found heuristic solution: objective 1.000080e+14
Presolve time: 0.01s
Presolved: 5 rows, 5 columns, 12 nonzeros
Found heuristic solution: objective 50005.000000
Variable types: 0 continuous, 5 integer (0 binary)

Root relaxation: objective 1.429086e+04, 3 iterations, 0.01 seconds

    Nodes    |    Current Node    |     Objective Bounds      |     Work
 Expl Unexpl |  Obj  Depth IntInf | Incumbent    BestBd   Gap | It/Node Time

     0     0 14290.8571    0    5 50005.0000 14290.8571  71.4%     -    0s
     0     0     cutoff    0      50005.0000 50005.0000  0.00%     -    0s

Cutting planes:
  MIR: 1

Explored 1 nodes (4 simplex iterations) in 0.12 seconds
Thread count was 4 (of 4 available processors)

Solution count 2: 50005 100009 

Optimal solution found (tolerance 1.00e-04)
Best objective 5.000500000000e+04, best bound 5.000500000000e+04, gap 0.0000%
Changed value of parameter TimeLimit to 120.0
   Prev: 1e+100  Min: 0.0  Max: 1e+100  Default: 1e+100
Optimize a model with 532 rows, 616 columns and 4265 nonzeros
Variable types: 11 continuous, 605 integer (605 binary)
Coefficient statistics:
  Matrix range     [1e+00, 1e+01]
  Objective range  [6e-01, 5e+04]
  Bounds range     [1e+00, 1e+00]
  RHS range        [1e+00, 1e+01]
Found heuristic solution: objective 650006.00000
Presolve removed 0 rows and 1 columns
Presolve time: 0.03s
Presolved: 532 rows, 615 columns, 4265 nonzeros
Variable types: 10 continuous, 605 integer (605 binary)

Root relaxation: objective 3.870000e+01, 79 iterations, 0.01 seconds

    Nodes    |    Current Node    |     Objective Bounds      |     Work
 Expl Unexpl |  Obj  Depth IntInf | Incumbent    BestBd   Gap | It/Node Time

     0     0   38.70000    0   22 650006.000   38.70000   100%     -    0s
H    0     0                    350028.20000   38.70000   100%     -    0s
H    0     0                    300028.20000   38.70000   100%     -    0s
     0     0   38.70000    0   24 300028.200   38.70000   100%     -    0s
     0     0   38.70000    0    8 300028.200   38.70000   100%     -    0s
     0     0   38.70000    0   12 300028.200   38.70000   100%     -    0s
     0     0   38.70000    0   16 300028.200   38.70000   100%     -    0s
     0     0   38.70000    0   20 300028.200   38.70000   100%     -    0s
     0     0   38.70000    0   22 300028.200   38.70000   100%     -    0s
     0     0   38.71818    0   24 300028.200   38.71818   100%     -    0s
     0     0   38.71818    0   24 300028.200   38.71818   100%     -    0s
H    0     0                    150034.30000   38.71818   100%     -    0s
     0     2   38.71818    0   24 150034.300   38.71818   100%     -    0s
H   70    53                    50044.100000   38.71818   100%   8.5    0s
H   97    60                      49.6000000   38.71818  21.9%   9.1    1s
H  176    96                      49.2000000   38.71818  21.3%   9.1    1s
H  198   102                      45.1000000   38.71818  14.2%   9.0    1s
H  381   160                      43.9000000   38.71818  11.8%   9.3    2s
*  424   168              27      42.7000000   38.77273  9.20%   9.3    2s
*  493   178              15      42.3000000   38.80909  8.25%   9.2    2s
*  630   208              23      41.7000000   39.00000  6.47%   9.5    2s
* 1893   259              10      41.1000000   40.30000  1.95%   9.2    4s
  1972   241   40.57727   10   23   41.10000   40.35000  1.82%   9.2    5s

Cutting planes:
  Learned: 6
  Gomory: 2
  Cover: 16
  MIR: 23
  Inf proof: 7
  Zero half: 5

Explored 2390 nodes (21311 simplex iterations) in 5.65 seconds
Thread count was 4 (of 4 available processors)

Solution count 10: 41.1 41.7 42.3 ... 150034

Optimal solution found (tolerance 1.00e-04)
Best objective 4.110000000000e+01, best bound 4.110000000000e+01, gap 0.0000%
